<?xml version="1.0" encoding="UTF-8"?>
<testsuite xmlns:xsi="http://www.w3.org/2001/XMLSchema-instance" xsi:noNamespaceSchemaLocation="https://maven.apache.org/surefire/maven-surefire-plugin/xsd/surefire-test-report-3.0.xsd" version="3.0" name="br.com.thiagoticiano.todalist.TodalistApplicationTests" time="9.381" tests="1" errors="0" skipped="0" failures="0">
  <properties>
[...]
</properties>
  <testcase name="contextLoads" classname="br.com.thiagoticiano.todalist.TodalistApplicationTests" time="0.998">
    <system-out><![CDATA[21:00:00.499 [main] INFO org.springframework.test.context.support.AnnotationConfigContextLoaderUtils -- Could not detect default configuration classes for test class [br.com.thiagoticiano.todalist.TodalistApplicationTests]: TodalistApplicationTests does not declare any static, non-private, non-final, nested classes annotated with @Configuration.
21:00:00.743 [main] INFO org.springframework.boot.test.context.SpringBootTestContextBootstrapper -- Found @SpringBootConfiguration br.com.thiagoticiano.todalist.TodalistApplication for test class br.com.thiagoticiano.todalist.TodalistApplicationTests

  .   ____          _            __ _ _
 /\\ / ___'_ __ _ _(_)_ __  __ _ \ \ \ \
( ( )\___ | '_ | '_| | '_ \/ _` | \ \ \ \
 \\/  ___)| |_)| | | | | || (_| |  ) ) ) )
  '  |____| .__|_| |_|_| |_\__, | / / / /
 =========|_|==============|___/=/_/_/_/
 :: Spring Boot ::                (v3.1.4)

2023-10-14T21:00:01.671-03:00  INFO 7652 --- [           main] b.c.t.todalist.TodalistApplicationTests  : Starting TodalistApplicationTests using Java 17.0.6 with PID 7652 (started by naisa in C:\Users\naisa\Desktop\todalist\todalist)
2023-10-14T21:00:01.674-03:00  INFO 7652 --- [           main] b.c.t.todalist.TodalistApplicationTests  : No active profile set, falling back to 1 default profile: "default"
2023-10-14T21:00:02.800-03:00  INFO 7652 --- [           main] .s.d.r.c.RepositoryConfigurationDelegate : Bootstrapping Spring Data JPA repositories in DEFAULT mode.
2023-10-14T21:00:02.937-03:00  INFO 7652 --- [           main] .s.d.r.c.RepositoryConfigurationDelegate : Finished Spring Data repository scanning in 115 ms. Found 2 JPA repository interfaces.
2023-10-14T21:00:04.005-03:00  INFO 7652 --- [           main] com.zaxxer.hikari.HikariDataSource       : HikariPool-1 - Starting...
2023-10-14T21:00:04.543-03:00  INFO 7652 --- [           main] com.zaxxer.hikari.pool.HikariPool        : HikariPool-1 - Added connection conn0: url=jdbc:h2:mem:todolist user=ADMIN
2023-10-14T21:00:04.545-03:00  INFO 7652 --- [           main] com.zaxxer.hikari.HikariDataSource       : HikariPool-1 - Start completed.
2023-10-14T21:00:04.640-03:00  INFO 7652 --- [           main] o.hibernate.jpa.internal.util.LogHelper  : HHH000204: Processing PersistenceUnitInfo [name: default]
2023-10-14T21:00:04.811-03:00  INFO 7652 --- [           main] org.hibernate.Version                    : HHH000412: Hibernate ORM core version 6.2.9.Final
2023-10-14T21:00:04.814-03:00  INFO 7652 --- [           main] org.hibernate.cfg.Environment            : HHH000406: Using bytecode reflection optimizer
2023-10-14T21:00:05.164-03:00  INFO 7652 --- [           main] o.h.b.i.BytecodeProviderInitiator        : HHH000021: Bytecode provider name : bytebuddy
2023-10-14T21:00:05.500-03:00  INFO 7652 --- [           main] o.s.o.j.p.SpringPersistenceUnitInfo      : No LoadTimeWeaver setup: ignoring JPA class transformer
2023-10-14T21:00:05.956-03:00  INFO 7652 --- [           main] o.h.b.i.BytecodeProviderInitiator        : HHH000021: Bytecode provider name : bytebuddy
2023-10-14T21:00:06.873-03:00  INFO 7652 --- [           main] o.h.e.t.j.p.i.JtaPlatformInitiator       : HHH000490: Using JtaPlatform implementation: [org.hibernate.engine.transaction.jta.platform.internal.NoJtaPlatform]
2023-10-14T21:00:06.933-03:00  INFO 7652 --- [           main] j.LocalContainerEntityManagerFactoryBean : Initialized JPA EntityManagerFactory for persistence unit 'default'
2023-10-14T21:00:07.843-03:00  WARN 7652 --- [           main] JpaBaseConfiguration$JpaWebConfiguration : spring.jpa.open-in-view is enabled by default. Therefore, database queries may be performed during view rendering. Explicitly configure spring.jpa.open-in-view to disable this warning
2023-10-14T21:00:08.406-03:00  INFO 7652 --- [           main] o.s.b.a.h2.H2ConsoleAutoConfiguration    : H2 console available at '/h2-console'. Database available at 'jdbc:h2:mem:todolist'
2023-10-14T21:00:08.495-03:00  INFO 7652 --- [           main] b.c.t.todalist.TodalistApplicationTests  : Started TodalistApplicationTests in 7.332 seconds (process running for 9.286)
]]></system-out>
  </testcase>
</testsuite>